{
  "RSpec": {
    "coverage": {
      "/Users/emmanuel/Projects/week4/bookmark/app.rb": {
        "lines": [
          null,
          null,
          1,
          1,
          1,
          null,
          1,
          1,
          1,
          null,
          null,
          1,
          null,
          1,
          6,
          6,
          null,
          null,
          1,
          1,
          null,
          null,
          1,
          1,
          1,
          null,
          null,
          1,
          1,
          1,
          null,
          null,
          1,
          1,
          1,
          null,
          null,
          1,
          1,
          1,
          null,
          null,
          1,
          null,
          null,
          null,
          null
        ]
      },
      "/Users/emmanuel/Projects/week4/bookmark/lib/bookmark.rb": {
        "lines": [
          null,
          null,
          1,
          null,
          1,
          1,
          null,
          1,
          27,
          27,
          27,
          null,
          null,
          1,
          8,
          8,
          null,
          0,
          null,
          null,
          8,
          8,
          10,
          null,
          null,
          null,
          1,
          13,
          13,
          null,
          0,
          null,
          13,
          13,
          null,
          null,
          1,
          2,
          2,
          null,
          0,
          null,
          2,
          null,
          null,
          null,
          1,
          2,
          2,
          null,
          0,
          null,
          2,
          null,
          null,
          null,
          2,
          null,
          null,
          1,
          2,
          2,
          null,
          0,
          null,
          2,
          null,
          null,
          2,
          null,
          null
        ]
      },
      "/Users/emmanuel/Projects/week4/bookmark/spec/setup_test_database.rb": {
        "lines": [
          1,
          null,
          1,
          9,
          null,
          null,
          9,
          null,
          9,
          null,
          9,
          null,
          null
        ]
      },
      "/Users/emmanuel/Projects/week4/bookmark/spec/bookmark_spec.rb": {
        "lines": [
          null,
          1,
          1,
          null,
          1,
          1,
          1,
          1,
          null,
          1,
          1,
          1,
          null,
          1,
          null,
          1,
          1,
          1,
          null,
          null,
          null,
          1,
          1,
          1,
          1,
          null,
          1,
          1,
          1,
          1,
          null,
          null,
          null,
          1,
          1,
          1,
          null,
          1,
          null,
          1,
          null,
          null,
          null,
          1,
          1,
          1,
          1,
          null,
          1,
          1,
          1,
          1,
          null,
          null,
          null,
          1,
          1,
          1,
          null,
          1,
          null,
          1,
          1,
          1,
          1,
          null,
          null,
          null,
          null
        ]
      },
      "/Users/emmanuel/Projects/week4/bookmark/spec/database_helper.rb": {
        "lines": [
          1,
          1,
          1,
          1,
          null
        ]
      },
      "/Users/emmanuel/Projects/week4/bookmark/spec/features/adding_bookmarks_spec.rb": {
        "lines": [
          1,
          1,
          1,
          1,
          1,
          1,
          1,
          null,
          null,
          null
        ]
      },
      "/Users/emmanuel/Projects/week4/bookmark/spec/features/deleting_a_bookmark_spec.rb": {
        "lines": [
          1,
          1,
          1,
          1,
          1,
          null,
          null,
          1,
          null,
          1,
          1,
          null,
          null
        ]
      },
      "/Users/emmanuel/Projects/week4/bookmark/spec/features/updating_a_bookmark_spec.rb": {
        "lines": [
          1,
          1,
          1,
          1,
          1,
          null,
          1,
          1,
          null,
          1,
          1,
          1,
          null,
          1,
          1,
          1,
          null,
          null
        ]
      },
      "/Users/emmanuel/Projects/week4/bookmark/spec/features/view_bookmarks_spec.rb": {
        "lines": [
          null,
          1,
          null,
          1,
          1,
          1,
          1,
          1,
          1,
          1,
          null,
          null
        ]
      }
    },
    "timestamp": 1634296365
  }
}
